#
# There is insufficient memory for the Java Runtime Environment to continue.
# Native memory allocation (malloc) failed to allocate 1048576 bytes for AllocateHeap
# Possible reasons:
#   The system is out of physical RAM or swap space
#   The process is running with CompressedOops enabled, and the Java Heap may be blocking the growth of the native heap
# Possible solutions:
#   Reduce memory load on the system
#   Increase physical memory or swap space
#   Check if swap backing store is full
#   Decrease Java heap size (-Xmx/-Xms)
#   Decrease number of Java threads
#   Decrease Java thread stack sizes (-Xss)
#   Set larger code cache with -XX:ReservedCodeCacheSize=
#   JVM is running with Unscaled Compressed Oops mode in which the Java heap is
#     placed in the first 4GB address space. The Java Heap base address is the
#     maximum limit for the native heap growth. Please use -XX:HeapBaseMinAddress
#     to set the Java Heap base and to place the Java Heap above 4GB virtual address.
# This output file may be truncated or incomplete.
#
#  Out of Memory Error (t:/workspace/open/src/hotspot/share/memory/allocation.cpp:46), pid=19780, tid=20168
#
# JRE version: Java(TM) SE Runtime Environment (11.0.2+9) (build 11.0.2+9-LTS)
# Java VM: Java HotSpot(TM) 64-Bit Server VM (11.0.2+9-LTS, mixed mode, tiered, compressed oops, g1 gc, windows-amd64)
# No core dump will be written. Minidumps are not enabled by default on client versions of Windows
#

---------------  S U M M A R Y ------------

Command Line: -Dfile.encoding=Cp1252 mijnRestau.Restaurant

Host: Intel(R) Core(TM) i7-4790 CPU @ 3.60GHz, 8 cores, 7G,  Windows 10 , 64 bit Build 19041 (10.0.19041.928)
Time: Sun May 23 22:05:34 2021 Romance (zomertijd) elapsed time: 2 seconds (0d 0h 0m 2s)

---------------  T H R E A D  ---------------

Current thread (0x000001e1590f0000):  VMThread "VM Thread" [stack: 0x000000ca07f00000,0x000000ca08000000] [id=20168]

Stack: [0x000000ca07f00000,0x000000ca08000000]
[error occurred during error reporting (printing stack bounds), id 0xc0000005, EXCEPTION_ACCESS_VIOLATION (0xc0000005) at pc=0x000001e142010bad]

Native frames: (J=compiled Java code, j=interpreted, Vv=VM code, C=native code)
V  [jvm.dll+0x63574a]
V  [jvm.dll+0x77326f]
V  [jvm.dll+0x77491a]
V  [jvm.dll+0x774f35]
V  [jvm.dll+0x774eeb]
V  [jvm.dll+0x634e56]
V  [jvm.dll+0x635218]
C  [ntdll.dll+0xa217f]
C  [ntdll.dll+0x51454]
C  [ntdll.dll+0xa0cae]
C  0x000001e142010bad

VM_Operation (0x000000ca085fea30): CollectForMetadataAllocation, mode: safepoint, requested by thread 0x000001e15911b000


---------------  P R O C E S S  ---------------

Threads class SMR info:
_java_thread_list=0x000001e15ba71630, length=17, elements={
0x000001e1590f1800, 0x000001e1590fb000, 0x000001e159109000, 0x000001e15910a000,
0x000001e15910e800, 0x000001e15911b000, 0x000001e159127000, 0x000001e159c04800,
0x000001e159c0f000, 0x000001e15a0fe800, 0x000001e159fde800, 0x000001e159fdc000,
0x000001e15b695800, 0x000001e139cd4000, 0x000001e15bc0e800, 0x000001e15bdd7800,
0x000001e15bac3800
}

Java Threads: ( => current thread )
  0x000001e1590f1800 JavaThread "Reference Handler" daemon [_thread_blocked, id=18148, stack(0x000000ca08000000,0x000000ca08100000)]
  0x000001e1590fb000 JavaThread "Finalizer" daemon [_thread_blocked, id=24388, stack(0x000000ca08100000,0x000000ca08200000)]
  0x000001e159109000 JavaThread "Signal Dispatcher" daemon [_thread_blocked, id=17796, stack(0x000000ca08200000,0x000000ca08300000)]
  0x000001e15910a000 JavaThread "Attach Listener" daemon [_thread_blocked, id=25720, stack(0x000000ca08300000,0x000000ca08400000)]
  0x000001e15910e800 JavaThread "C2 CompilerThread0" daemon [_thread_blocked, id=25936, stack(0x000000ca08400000,0x000000ca08500000)]
  0x000001e15911b000 JavaThread "C1 CompilerThread0" daemon [_thread_blocked, id=24788, stack(0x000000ca08500000,0x000000ca08600000)]
  0x000001e159127000 JavaThread "Sweeper thread" daemon [_thread_blocked, id=12392, stack(0x000000ca08600000,0x000000ca08700000)]
  0x000001e159c04800 JavaThread "Service Thread" daemon [_thread_blocked, id=18468, stack(0x000000ca08700000,0x000000ca08800000)]
  0x000001e159c0f000 JavaThread "Common-Cleaner" daemon [_thread_blocked, id=16360, stack(0x000000ca08900000,0x000000ca08a00000)]
  0x000001e15a0fe800 JavaThread "Java2D Disposer" daemon [_thread_blocked, id=12340, stack(0x000000ca08a00000,0x000000ca08b00000)]
  0x000001e159fde800 JavaThread "AWT-Shutdown" [_thread_blocked, id=17116, stack(0x000000ca08b00000,0x000000ca08c00000)]
  0x000001e159fdc000 JavaThread "AWT-Windows" daemon [_thread_in_native, id=23832, stack(0x000000ca08c00000,0x000000ca08d00000)]
  0x000001e15b695800 JavaThread "AWT-EventQueue-0" [_thread_blocked, id=19952, stack(0x000000ca08f00000,0x000000ca09000000)]
  0x000001e139cd4000 JavaThread "DestroyJavaVM" [_thread_blocked, id=18692, stack(0x000000ca07900000,0x000000ca07a00000)]
  0x000001e15bc0e800 JavaThread "Image Fetcher 0" daemon [_thread_blocked, id=21136, stack(0x000000ca09800000,0x000000ca09900000)]
  0x000001e15bdd7800 JavaThread "D3D Screen Updater" daemon [_thread_blocked, id=15832, stack(0x000000ca09a00000,0x000000ca09b00000)]
  0x000001e15bac3800 JavaThread "TimerQueue" daemon [_thread_blocked, id=21064, stack(0x000000ca08d00000,0x000000ca08e00000)]

Other Threads:
=>0x000001e1590f0000 VMThread "VM Thread" [stack: 0x000000ca07f00000,0x000000ca08000000] [id=20168]
  0x000001e159c0c800 WatcherThread [stack: 0x000000ca08800000,0x000000ca08900000] [id=16960]
  0x000001e139ceb800 GCTaskThread "GC Thread#0" [stack: 0x000000ca07a00000,0x000000ca07b00000] [id=17680]
  0x000001e15c2f1000 GCTaskThread "GC Thread#1" [stack: 0x000000ca08e00000,0x000000ca08f00000] [id=26224]
  0x000001e15c2f2000 GCTaskThread "GC Thread#2" [stack: 0x000000ca09b00000,0x000000ca09c00000] [id=17464]
  0x000001e15c2f2800 GCTaskThread "GC Thread#3" [stack: 0x000000ca09c00000,0x000000ca09d00000] [id=11684]
  0x000001e15ba89800 GCTaskThread "GC Thread#4" [stack: 0x000000ca09d00000,0x000000ca09e00000] [id=12748]
  0x000001e15bbe0800 GCTaskThread "GC Thread#5" [stack: 0x000000ca09e00000,0x000000ca09f00000] [id=2864]
  0x000001e139d1c000 ConcurrentGCThread "G1 Main Marker" [stack: 0x000000ca07b00000,0x000000ca07c00000] [id=19892]
  0x000001e139d1e000 ConcurrentGCThread "G1 Conc#0" [stack: 0x000000ca07c00000,0x000000ca07d00000] [id=22180]
  0x000001e15ba14800 ConcurrentGCThread "G1 Conc#1" [stack: 0x000000ca09f00000,0x000000ca0a000000] [id=25768]
  0x000001e158f40800 ConcurrentGCThread "G1 Refine#0" [stack: 0x000000ca07d00000,0x000000ca07e00000] [id=26516]
  0x000001e158f41800 ConcurrentGCThread "G1 Young RemSet Sampling" [stack: 0x000000ca07e00000,0x000000ca07f00000] [id=19392]

Threads with active compile tasks:
C1 CompilerThread01592       3       java.awt.Font::equals (131 bytes)

VM state:at safepoint (normal execution)

VM Mutex/Monitor currently owned by a thread:  ([mutex/lock_event])
[0x000001e139cd0830] Threads_lock - owner thread: 0x000001e1590f0000
[0x000001e139cd1490] Heap_lock - owner thread: 0x000001e15911b000
[0x000001e139cd0170] MethodData_lock - owner thread: 0x000001e15911b000

Heap address: 0x0000000080c00000, size: 2036 MB, Compressed Oops mode: 32-bit
Narrow klass base: 0x0000000000000000, Narrow klass shift: 3
Compressed class space size: 1073741824 Address: 0x0000000100000000

Heap:
 garbage-first heap   total 131072K, used 10074K [0x0000000080c00000, 0x0000000100000000)
  region size 1024K, 4 young (4096K), 4 survivors (4096K)
 Metaspace       used 18348K, capacity 18836K, committed 18944K, reserved 1079296K
  class space    used 2018K, capacity 2225K, committed 2304K, reserved 1048576K
Heap Regions: E=young(eden), S=young(survivor), O=old, HS=humongous(starts), HC=humongous(continues), CS=collection set, F=free, A=archive, TAMS=top-at-mark-start (previous, next)
|   0|0x0000000080c00000, 0x0000000080c00000, 0x0000000080d00000|  0%| F|  |TAMS 0x0000000080c00000, 0x0000000080c00000| Untracked 
|   1|0x0000000080d00000, 0x0000000080e00000, 0x0000000080e00000|100%|HS|  |TAMS 0x0000000080d00000, 0x0000000080e00000| Complete 
|   2|0x0000000080e00000, 0x0000000080f00000, 0x0000000080f00000|100%|HC|  |TAMS 0x0000000080e00000, 0x0000000080f00000| Complete 
|   3|0x0000000080f00000, 0x0000000081000000, 0x0000000081000000|100%|HC|  |TAMS 0x0000000080f00000, 0x0000000081000000| Complete 
|   4|0x0000000081000000, 0x0000000081100000, 0x0000000081100000|100%|HC|  |TAMS 0x0000000081000000, 0x0000000081100000| Complete 
|   5|0x0000000081100000, 0x0000000081200000, 0x0000000081200000|100%|HC|  |TAMS 0x0000000081100000, 0x0000000081200000| Complete 
|   6|0x0000000081200000, 0x0000000081300000, 0x0000000081300000|100%| O|  |TAMS 0x0000000081200000, 0x0000000081300000| Untracked 
|   7|0x0000000081300000, 0x0000000081308a00, 0x0000000081400000|  3%| O|  |TAMS 0x0000000081300000, 0x0000000081308a00| Untracked 
|   8|0x0000000081400000, 0x0000000081400000, 0x0000000081500000|  0%| F|  |TAMS 0x0000000081400000, 0x0000000081400000| Untracked 
|   9|0x0000000081500000, 0x0000000081500000, 0x0000000081600000|  0%| F|  |TAMS 0x0000000081500000, 0x0000000081500000| Untracked 
|  10|0x0000000081600000, 0x0000000081600000, 0x0000000081700000|  0%| F|  |TAMS 0x0000000081600000, 0x0000000081600000| Untracked 
|  11|0x0000000081700000, 0x0000000081700000, 0x0000000081800000|  0%| F|  |TAMS 0x0000000081700000, 0x0000000081700000| Untracked 
|  12|0x0000000081800000, 0x0000000081800000, 0x0000000081900000|  0%| F|  |TAMS 0x0000000081800000, 0x0000000081800000| Untracked 
|  13|0x0000000081900000, 0x0000000081900000, 0x0000000081a00000|  0%| F|  |TAMS 0x0000000081900000, 0x0000000081900000| Untracked 
|  14|0x0000000081a00000, 0x0000000081a00000, 0x0000000081b00000|  0%| F|  |TAMS 0x0000000081a00000, 0x0000000081a00000| Untracked 
|  15|0x0000000081b00000, 0x0000000081b00000, 0x0000000081c00000|  0%| F|  |TAMS 0x0000000081b00000, 0x0000000081b00000| Untracked 
|  16|0x0000000081c00000, 0x0000000081c00000, 0x0000000081d00000|  0%| F|  |TAMS 0x0000000081c00000, 0x0000000081c00000| Untracked 
|  17|0x0000000081d00000, 0x0000000081d00000, 0x0000000081e00000|  0%| F|  |TAMS 0x0000000081d00000, 0x0000000081d00000| Untracked 
|  18|0x0000000081e00000, 0x0000000081e00000, 0x0000000081f00000|  0%| F|  |TAMS 0x0000000081e00000, 0x0000000081e00000| Untracked 
|  19|0x0000000081f00000, 0x0000000081f00000, 0x0000000082000000|  0%| F|  |TAMS 0x0000000081f00000, 0x0000000081f00000| Untracked 
|  20|0x0000000082000000, 0x0000000082000000, 0x0000000082100000|  0%| F|  |TAMS 0x0000000082000000, 0x0000000082000000| Untracked 
|  21|0x0000000082100000, 0x0000000082100000, 0x0000000082200000|  0%| F|  |TAMS 0x0000000082100000, 0x0000000082100000| Untracked 
|  22|0x0000000082200000, 0x0000000082200000, 0x0000000082300000|  0%| F|  |TAMS 0x0000000082200000, 0x0000000082200000| Untracked 
|  23|0x0000000082300000, 0x0000000082300000, 0x0000000082400000|  0%| F|  |TAMS 0x0000000082300000, 0x0000000082300000| Untracked 
|  24|0x0000000082400000, 0x0000000082400000, 0x0000000082500000|  0%| F|  |TAMS 0x0000000082400000, 0x0000000082400000| Untracked 
|  25|0x0000000082500000, 0x0000000082500000, 0x0000000082600000|  0%| F|  |TAMS 0x0000000082500000, 0x0000000082500000| Untracked 
|  26|0x0000000082600000, 0x0000000082600000, 0x0000000082700000|  0%| F|  |TAMS 0x0000000082600000, 0x0000000082600000| Untracked 
|  27|0x0000000082700000, 0x0000000082700000, 0x0000000082800000|  0%| F|  |TAMS 0x0000000082700000, 0x0000000082700000| Untracked 
|  28|0x0000000082800000, 0x0000000082800000, 0x0000000082900000|  0%| F|  |TAMS 0x0000000082800000, 0x0000000082800000| Untracked 
|  29|0x0000000082900000, 0x0000000082900000, 0x0000000082a00000|  0%| F|  |TAMS 0x0000000082900000, 0x0000000082900000| Untracked 
|  30|0x0000000082a00000, 0x0000000082a00000, 0x0000000082b00000|  0%| F|  |TAMS 0x0000000082a00000, 0x0000000082a00000| Untracked 
|  31|0x0000000082b00000, 0x0000000082b00000, 0x0000000082c00000|  0%| F|  |TAMS 0x0000000082b00000, 0x0000000082b00000| Untracked 
|  32|0x0000000082c00000, 0x0000000082c00000, 0x0000000082d00000|  0%| F|  |TAMS 0x0000000082c00000, 0x0000000082c00000| Untracked 
|  33|0x0000000082d00000, 0x0000000082d00000, 0x0000000082e00000|  0%| F|  |TAMS 0x0000000082d00000, 0x0000000082d00000| Untracked 
|  34|0x0000000082e00000, 0x0000000082e00000, 0x0000000082f00000|  0%| F|  |TAMS 0x0000000082e00000, 0x0000000082e00000| Untracked 
|  35|0x0000000082f00000, 0x0000000082f00000, 0x0000000083000000|  0%| F|  |TAMS 0x0000000082f00000, 0x0000000082f00000| Untracked 
|  36|0x0000000083000000, 0x0000000083000000, 0x0000000083100000|  0%| F|  |TAMS 0x0000000083000000, 0x0000000083000000| Untracked 
|  37|0x0000000083100000, 0x0000000083100000, 0x0000000083200000|  0%| F|  |TAMS 0x0000000083100000, 0x0000000083100000| Untracked 
|  38|0x0000000083200000, 0x0000000083200000, 0x0000000083300000|  0%| F|  |TAMS 0x0000000083200000, 0x0000000083200000| Untracked 
|  39|0x0000000083300000, 0x0000000083300000, 0x0000000083400000|  0%| F|  |TAMS 0x0000000083300000, 0x0000000083300000| Untracked 
|  40|0x0000000083400000, 0x0000000083400000, 0x0000000083500000|  0%| F|  |TAMS 0x0000000083400000, 0x0000000083400000| Untracked 
|  41|0x0000000083500000, 0x0000000083500000, 0x0000000083600000|  0%| F|  |TAMS 0x0000000083500000, 0x0000000083500000| Untracked 
|  42|0x0000000083600000, 0x0000000083600000, 0x0000000083700000|  0%| F|  |TAMS 0x0000000083600000, 0x0000000083600000| Untracked 
|  43|0x0000000083700000, 0x0000000083700000, 0x0000000083800000|  0%| F|  |TAMS 0x0000000083700000, 0x0000000083700000| Untracked 
|  44|0x0000000083800000, 0x0000000083800000, 0x0000000083900000|  0%| F|  |TAMS 0x0000000083800000, 0x0000000083800000| Untracked 
|  45|0x0000000083900000, 0x0000000083900000, 0x0000000083a00000|  0%| F|  |TAMS 0x0000000083900000, 0x0000000083900000| Untracked 
|  46|0x0000000083a00000, 0x0000000083a00000, 0x0000000083b00000|  0%| F|  |TAMS 0x0000000083a00000, 0x0000000083a00000| Untracked 
|  47|0x0000000083b00000, 0x0000000083b00000, 0x0000000083c00000|  0%| F|  |TAMS 0x0000000083b00000, 0x0000000083b00000| Untracked 
|  48|0x0000000083c00000, 0x0000000083c00000, 0x0000000083d00000|  0%| F|  |TAMS 0x0000000083c00000, 0x0000000083c00000| Untracked 
|  49|0x0000000083d00000, 0x0000000083d00000, 0x0000000083e00000|  0%| F|  |TAMS 0x0000000083d00000, 0x0000000083d00000| Untracked 
|  50|0x0000000083e00000, 0x0000000083e00000, 0x0000000083f00000|  0%| F|  |TAMS 0x0000000083e00000, 0x0000000083e00000| Untracked 
|  51|0x0000000083f00000, 0x0000000083f00000, 0x0000000084000000|  0%| F|  |TAMS 0x0000000083f00000, 0x0000000083f00000| Untracked 
|  52|0x0000000084000000, 0x0000000084000000, 0x0000000084100000|  0%| F|  |TAMS 0x0000000084000000, 0x0000000084000000| Untracked 
|  53|0x0000000084100000, 0x0000000084100000, 0x0000000084200000|  0%| F|  |TAMS 0x0000000084100000, 0x0000000084100000| Untracked 
|  54|0x0000000084200000, 0x0000000084200000, 0x0000000084300000|  0%| F|  |TAMS 0x0000000084200000, 0x0000000084200000| Untracked 
|  55|0x0000000084300000, 0x0000000084300000, 0x0000000084400000|  0%| F|  |TAMS 0x0000000084300000, 0x0000000084300000| Untracked 
|  56|0x0000000084400000, 0x0000000084400000, 0x0000000084500000|  0%| F|  |TAMS 0x0000000084400000, 0x0000000084400000| Untracked 
|  57|0x0000000084500000, 0x0000000084500000, 0x0000000084600000|  0%| F|  |TAMS 0x0000000084500000, 0x0000000084500000| Untracked 
|  58|0x0000000084600000, 0x0000000084600000, 0x0000000084700000|  0%| F|  |TAMS 0x0000000084600000, 0x0000000084600000| Untracked 
|  59|0x0000000084700000, 0x0000000084700000, 0x0000000084800000|  0%| F|  |TAMS 0x0000000084700000, 0x0000000084700000| Untracked 
|  60|0x0000000084800000, 0x0000000084800000, 0x0000000084900000|  0%| F|  |TAMS 0x0000000084800000, 0x0000000084800000| Untracked 
|  61|0x0000000084900000, 0x0000000084900000, 0x0000000084a00000|  0%| F|  |TAMS 0x0000000084900000, 0x0000000084900000| Untracked 
|  62|0x0000000084a00000, 0x0000000084a00000, 0x0000000084b00000|  0%| F|  |TAMS 0x0000000084a00000, 0x0000000084a00000| Untracked 
|  63|0x0000000084b00000, 0x0000000084b00000, 0x0000000084c00000|  0%| F|  |TAMS 0x0000000084b00000, 0x0000000084b00000| Untracked 
|  64|0x0000000084c00000, 0x0000000084c00000, 0x0000000084d00000|  0%| F|  |TAMS 0x0000000084c00000, 0x0000000084c00000| Untracked 
|  65|0x0000000084d00000, 0x0000000084d00000, 0x0000000084e00000|  0%| F|  |TAMS 0x0000000084d00000, 0x0000000084d00000| Untracked 
|  66|0x0000000084e00000, 0x0000000084e00000, 0x0000000084f00000|  0%| F|  |TAMS 0x0000000084e00000, 0x0000000084e00000| Untracked 
|  67|0x0000000084f00000, 0x0000000084f00000, 0x0000000085000000|  0%| F|  |TAMS 0x0000000084f00000, 0x0000000084f00000| Untracked 
|  68|0x0000000085000000, 0x0000000085000000, 0x0000000085100000|  0%| F|  |TAMS 0x0000000085000000, 0x0000000085000000| Untracked 
|  69|0x0000000085100000, 0x0000000085100000, 0x0000000085200000|  0%| F|  |TAMS 0x0000000085100000, 0x0000000085100000| Untracked 
|  70|0x0000000085200000, 0x0000000085200000, 0x0000000085300000|  0%| F|  |TAMS 0x0000000085200000, 0x0000000085200000| Untracked 
|  71|0x0000000085300000, 0x0000000085300000, 0x0000000085400000|  0%| F|  |TAMS 0x0000000085300000, 0x0000000085300000| Untracked 
|  72|0x0000000085400000, 0x0000000085400000, 0x0000000085500000|  0%| F|  |TAMS 0x0000000085400000, 0x0000000085400000| Untracked 
|  73|0x0000000085500000, 0x0000000085500000, 0x0000000085600000|  0%| F|  |TAMS 0x0000000085500000, 0x0000000085500000| Untracked 
|  74|0x0000000085600000, 0x0000000085600000, 0x0000000085700000|  0%| F|  |TAMS 0x0000000085600000, 0x0000000085600000| Untracked 
|  75|0x0000000085700000, 0x0000000085700000, 0x0000000085800000|  0%| F|  |TAMS 0x0000000085700000, 0x0000000085700000| Untracked 
|  76|0x0000000085800000, 0x0000000085800000, 0x0000000085900000|  0%| F|  |TAMS 0x0000000085800000, 0x0000000085800000| Untracked 
|  77|0x0000000085900000, 0x0000000085900000, 0x0000000085a00000|  0%| F|  |TAMS 0x0000000085900000, 0x0000000085900000| Untracked 
|  78|0x0000000085a00000, 0x0000000085a00000, 0x0000000085b00000|  0%| F|  |TAMS 0x0000000085a00000, 0x0000000085a00000| Untracked 
|  79|0x0000000085b00000, 0x0000000085b00000, 0x0000000085c00000|  0%| F|  |TAMS 0x0000000085b00000, 0x0000000085b00000| Untracked 
|  80|0x0000000085c00000, 0x0000000085c00000, 0x0000000085d00000|  0%| F|  |TAMS 0x0000000085c00000, 0x0000000085c00000| Untracked 
|  81|0x0000000085d00000, 0x0000000085d00000, 0x0000000085e00000|  0%| F|  |TAMS 0x0000000085d00000, 0x0000000085d00000| Untracked 
|  82|0x0000000085e00000, 0x0000000085e00000, 0x0000000085f00000|  0%| F|  |TAMS 0x0000000085e00000, 0x0000000085e00000| Untracked 
|  83|0x0000000085f00000, 0x0000000085f00000, 0x0000000086000000|  0%| F|  |TAMS 0x0000000085f00000, 0x0000000085f00000| Untracked 
|  84|0x0000000086000000, 0x0000000086000000, 0x0000000086100000|  0%| F|  |TAMS 0x0000000086000000, 0x0000000086000000| Untracked 
|  85|0x0000000086100000, 0x0000000086100000, 0x0000000086200000|  0%| F|  |TAMS 0x0000000086100000, 0x0000000086100000| Untracked 
|  86|0x0000000086200000, 0x0000000086200000, 0x0000000086300000|  0%| F|  |TAMS 0x0000000086200000, 0x0000000086200000| Untracked 
|  87|0x0000000086300000, 0x0000000086300000, 0x0000000086400000|  0%| F|  |TAMS 0x0000000086300000, 0x0000000086300000| Untracked 
|  88|0x0000000086400000, 0x0000000086400000, 0x0000000086500000|  0%| F|  |TAMS 0x0000000086400000, 0x0000000086400000| Untracked 
|  89|0x0000000086500000, 0x0000000086500000, 0x0000000086600000|  0%| F|  |TAMS 0x0000000086500000, 0x0000000086500000| Untracked 
|  90|0x0000000086600000, 0x0000000086600000, 0x0000000086700000|  0%| F|  |TAMS 0x0000000086600000, 0x0000000086600000| Untracked 
|  91|0x0000000086700000, 0x0000000086700000, 0x0000000086800000|  0%| F|  |TAMS 0x0000000086700000, 0x0000000086700000| Untracked 
|  92|0x0000000086800000, 0x0000000086800000, 0x0000000086900000|  0%| F|  |TAMS 0x0000000086800000, 0x0000000086800000| Untracked 
|  93|0x0000000086900000, 0x0000000086900000, 0x0000000086a00000|  0%| F|  |TAMS 0x0000000086900000, 0x0000000086900000| Untracked 
|  94|0x0000000086a00000, 0x0000000086a00000, 0x0000000086b00000|  0%| F|  |TAMS 0x0000000086a00000, 0x0000000086a00000| Untracked 
|  95|0x0000000086b00000, 0x0000000086b00000, 0x0000000086c00000|  0%| F|  |TAMS 0x0000000086b00000, 0x0000000086b00000| Untracked 
|  96|0x0000000086c00000, 0x0000000086c00000, 0x0000000086d00000|  0%| F|  |TAMS 0x0000000086c00000, 0x0000000086c00000| Untracked 
|  97|0x0000000086d00000, 0x0000000086d00000, 0x0000000086e00000|  0%| F|  |TAMS 0x0000000086d00000, 0x0000000086d00000| Untracked 
|  98|0x0000000086e00000, 0x0000000086e00000, 0x0000000086f00000|  0%| F|  |TAMS 0x0000000086e00000, 0x0000000086e00000| Untracked 
|  99|0x0000000086f00000, 0x0000000086f00000, 0x0000000087000000|  0%| F|  |TAMS 0x0000000086f00000, 0x0000000086f00000| Untracked 
| 100|0x0000000087000000, 0x0000000087000000, 0x0000000087100000|  0%| F|  |TAMS 0x0000000087000000, 0x0000000087000000| Untracked 
| 101|0x0000000087100000, 0x0000000087100000, 0x0000000087200000|  0%| F|  |TAMS 0x0000000087100000, 0x0000000087100000| Untracked 
| 102|0x0000000087200000, 0x0000000087200000, 0x0000000087300000|  0%| F|  |TAMS 0x0000000087200000, 0x0000000087200000| Untracked 
| 103|0x0000000087300000, 0x0000000087300000, 0x0000000087400000|  0%| F|  |TAMS 0x0000000087300000, 0x0000000087300000| Untracked 
| 104|0x0000000087400000, 0x0000000087400000, 0x0000000087500000|  0%| F|  |TAMS 0x0000000087400000, 0x0000000087400000| Untracked 
| 105|0x0000000087500000, 0x0000000087500000, 0x0000000087600000|  0%| F|  |TAMS 0x0000000087500000, 0x0000000087500000| Untracked 
| 106|0x0000000087600000, 0x0000000087600000, 0x0000000087700000|  0%| F|  |TAMS 0x0000000087600000, 0x0000000087600000| Untracked 
| 107|0x0000000087700000, 0x0000000087700000, 0x0000000087800000|  0%| F|  |TAMS 0x0000000087700000, 0x0000000087700000| Untracked 
| 108|0x0000000087800000, 0x0000000087800000, 0x0000000087900000|  0%| F|  |TAMS 0x0000000087800000, 0x0000000087800000| Untracked 
| 109|0x0000000087900000, 0x0000000087900000, 0x0000000087a00000|  0%| F|  |TAMS 0x0000000087900000, 0x0000000087900000| Untracked 
| 110|0x0000000087a00000, 0x0000000087a00000, 0x0000000087b00000|  0%| F|  |TAMS 0x0000000087a00000, 0x0000000087a00000| Untracked 
| 111|0x0000000087b00000, 0x0000000087b00000, 0x0000000087c00000|  0%| F|  |TAMS 0x0000000087b00000, 0x0000000087b00000| Untracked 
| 112|0x0000000087c00000, 0x0000000087c00000, 0x0000000087d00000|  0%| F|  |TAMS 0x0000000087c00000, 0x0000000087c00000| Untracked 
| 113|0x0000000087d00000, 0x0000000087d00000, 0x0000000087e00000|  0%| F|  |TAMS 0x0000000087d00000, 0x0000000087d00000| Untracked 
| 114|0x0000000087e00000, 0x0000000087e00000, 0x0000000087f00000|  0%| F|  |TAMS 0x0000000087e00000, 0x0000000087e00000| Untracked 
| 115|0x0000000087f00000, 0x0000000087f00000, 0x0000000088000000|  0%| F|  |TAMS 0x0000000087f00000, 0x0000000087f00000| Untracked 
| 116|0x0000000088000000, 0x0000000088000000, 0x0000000088100000|  0%| F|  |TAMS 0x0000000088000000, 0x0000000088000000| Untracked 
| 117|0x0000000088100000, 0x0000000088100000, 0x0000000088200000|  0%| F|  |TAMS 0x0000000088100000, 0x0000000088100000| Untracked 
| 118|0x0000000088200000, 0x0000000088200000, 0x0000000088300000|  0%| F|  |TAMS 0x0000000088200000, 0x0000000088200000| Untracked 
| 119|0x0000000088300000, 0x0000000088300000, 0x0000000088400000|  0%| F|  |TAMS 0x0000000088300000, 0x0000000088300000| Untracked 
| 120|0x0000000088400000, 0x00000000884cdfc8, 0x0000000088500000| 80%| S|CS|TAMS 0x0000000088400000, 0x0000000088400000| Complete 
| 121|0x0000000088500000, 0x0000000088600000, 0x0000000088600000|100%| S|CS|TAMS 0x0000000088500000, 0x0000000088500000| Complete 
| 122|0x0000000088600000, 0x0000000088700000, 0x0000000088700000|100%| S|CS|TAMS 0x0000000088600000, 0x0000000088600000| Complete 
| 123|0x0000000088700000, 0x0000000088800000, 0x0000000088800000|100%| S|CS|TAMS 0x0000000088700000, 0x0000000088700000| Complete 
| 124|0x0000000088800000, 0x0000000088800000, 0x0000000088900000|  0%| F|  |TAMS 0x0000000088800000, 0x0000000088800000| Untracked 
| 125|0x0000000088900000, 0x0000000088900000, 0x0000000088a00000|  0%| F|  |TAMS 0x0000000088900000, 0x0000000088900000| Untracked 
| 126|0x0000000088a00000, 0x0000000088a00000, 0x0000000088b00000|  0%| F|  |TAMS 0x0000000088a00000, 0x0000000088a00000| Untracked 
| 127|0x0000000088b00000, 0x0000000088b00000, 0x0000000088c00000|  0%| F|  |TAMS 0x0000000088b00000, 0x0000000088b00000| Untracked 

Card table byte_map: [0x000001e151e80000,0x000001e152280000] _byte_map_base: 0x000001e151a7a000

Marking Bits (Prev, Next): (CMBitMap*) 0x000001e139d13158, (CMBitMap*) 0x000001e139d13190
 Prev Bits: [0x000001e152680000, 0x000001e154650000)
 Next Bits: [0x000001e154650000, 0x000001e156620000)

Polling page: 0x000001e1384e0000

Metaspace:

Usage:
  Non-class:     16.22 MB capacity,    15.95 MB ( 98%) used,   228.88 KB (  1%) free+waste,    51.75 KB ( <1%) overhead. 
      Class:      2.17 MB capacity,     1.97 MB ( 91%) used,   179.16 KB (  8%) free+waste,    27.75 KB (  1%) overhead. 
       Both:     18.39 MB capacity,    17.92 MB ( 97%) used,   408.03 KB (  2%) free+waste,    79.50 KB ( <1%) overhead. 

Virtual space:
  Non-class space:       30.00 MB reserved,      16.25 MB ( 54%) committed 
      Class space:        1.00 GB reserved,       2.25 MB ( <1%) committed 
             Both:        1.03 GB reserved,      18.50 MB (  2%) committed 

Chunk freelists:
   Non-Class:  3.63 KB
       Class:  1.88 KB
        Both:  5.50 KB

CodeHeap 'non-profiled nmethods': size=120000Kb used=569Kb max_used=569Kb free=119430Kb
 bounds [0x000001e149ae0000, 0x000001e149d50000, 0x000001e151010000]
CodeHeap 'profiled nmethods': size=120000Kb used=2882Kb max_used=2882Kb free=117117Kb
 bounds [0x000001e1425b0000, 0x000001e142890000, 0x000001e149ae0000]
CodeHeap 'non-nmethods': size=5760Kb used=1250Kb max_used=1262Kb free=4509Kb
 bounds [0x000001e142010000, 0x000001e142280000, 0x000001e1425b0000]
 total_blobs=2496 nmethods=1591 adapters=553
 compilation: enabled
              stopped_count=0, restarted_count=0
 full_count=0

Compilation events (10 events):
Event: 2.235 Thread 0x000001e15911b000 nmethod 1587 0x000001e14287ec10 code [0x000001e14287ede0, 0x000001e14287f038]
Event: 2.235 Thread 0x000001e15911b000 1588       3       sun.java2d.pipe.RenderBuffer::putFloat (26 bytes)
Event: 2.236 Thread 0x000001e15911b000 nmethod 1588 0x000001e14287f190 code [0x000001e14287f340, 0x000001e14287f538]
Event: 2.237 Thread 0x000001e15911b000 1589       1       java.awt.Font::hasLayoutAttributes (5 bytes)
Event: 2.237 Thread 0x000001e15911b000 nmethod 1589 0x000001e149b6e110 code [0x000001e149b6e2c0, 0x000001e149b6e3d8]
Event: 2.237 Thread 0x000001e15911b000 1590   !   3       sun.font.FileFontStrike::getCachedGlyphPtr (27 bytes)
Event: 2.237 Thread 0x000001e15911b000 nmethod 1590 0x000001e14287f610 code [0x000001e14287f820, 0x000001e14287fea0]
Event: 2.237 Thread 0x000001e15911b000 1591       3       sun.font.FileFontStrike::getCachedGlyphPtrInternal (120 bytes)
Event: 2.237 Thread 0x000001e15911b000 nmethod 1591 0x000001e142880110 code [0x000001e142880300, 0x000001e142880778]
Event: 2.237 Thread 0x000001e15911b000 1592       3       java.awt.Font::equals (131 bytes)

GC Heap History (4 events):
Event: 0.918 GC heap before
{Heap before GC invocations=0 (full 0):
 garbage-first heap   total 131072K, used 29696K [0x0000000080c00000, 0x0000000100000000)
  region size 1024K, 24 young (24576K), 0 survivors (0K)
 Metaspace       used 17641K, capacity 18111K, committed 18304K, reserved 1064960K
  class space    used 1949K, capacity 2159K, committed 2176K, reserved 1048576K
}
Event: 0.923 GC heap after
{Heap after GC invocations=1 (full 0):
 garbage-first heap   total 131072K, used 9250K [0x0000000080c00000, 0x0000000100000000)
  region size 1024K, 3 young (3072K), 3 survivors (3072K)
 Metaspace       used 17641K, capacity 18111K, committed 18304K, reserved 1064960K
  class space    used 1949K, capacity 2159K, committed 2176K, reserved 1048576K
}
Event: 2.239 GC heap before
{Heap before GC invocations=1 (full 0):
 garbage-first heap   total 131072K, used 12322K [0x0000000080c00000, 0x0000000100000000)
  region size 1024K, 7 young (7168K), 3 survivors (3072K)
 Metaspace       used 18348K, capacity 18836K, committed 18944K, reserved 1077248K
  class space    used 2018K, capacity 2225K, committed 2304K, reserved 1048576K
}
Event: 2.242 GC heap after
{Heap after GC invocations=2 (full 0):
 garbage-first heap   total 131072K, used 10074K [0x0000000080c00000, 0x0000000100000000)
  region size 1024K, 4 young (4096K), 4 survivors (4096K)
 Metaspace       used 18348K, capacity 18836K, committed 18944K, reserved 1077248K
  class space    used 2018K, capacity 2225K, committed 2304K, reserved 1048576K
}

Deoptimization events (10 events):
Event: 0.605 Thread 0x000001e15bc0e800 Uncommon trap: reason=bimorphic_or_optimized_type_check action=maybe_recompile pc=0x000001e149b22458 method=java.util.concurrent.ConcurrentHashMap.get(Ljava/lang/Object;)Ljava/lang/Object; @ 149 c2
Event: 0.608 Thread 0x000001e15bc0e800 Uncommon trap: reason=bimorphic_or_optimized_type_check action=maybe_recompile pc=0x000001e149b22458 method=java.util.concurrent.ConcurrentHashMap.get(Ljava/lang/Object;)Ljava/lang/Object; @ 149 c2
Event: 0.609 Thread 0x000001e15bc0e800 Uncommon trap: reason=bimorphic_or_optimized_type_check action=maybe_recompile pc=0x000001e149b22458 method=java.util.concurrent.ConcurrentHashMap.get(Ljava/lang/Object;)Ljava/lang/Object; @ 149 c2
Event: 0.611 Thread 0x000001e15bc0e800 Uncommon trap: reason=bimorphic_or_optimized_type_check action=maybe_recompile pc=0x000001e149b22458 method=java.util.concurrent.ConcurrentHashMap.get(Ljava/lang/Object;)Ljava/lang/Object; @ 149 c2
Event: 0.650 Thread 0x000001e159fdc000 Uncommon trap: reason=class_check action=maybe_recompile pc=0x000001e149b31908 method=java.util.HashMap.putVal(ILjava/lang/Object;Ljava/lang/Object;ZZ)Ljava/lang/Object; @ 91 c2
Event: 0.650 Thread 0x000001e159fdc000 Uncommon trap: reason=class_check action=maybe_recompile pc=0x000001e149b31908 method=java.util.HashMap.putVal(ILjava/lang/Object;Ljava/lang/Object;ZZ)Ljava/lang/Object; @ 91 c2
Event: 0.793 Thread 0x000001e15b695800 Uncommon trap: reason=intrinsic_or_type_checked_inlining action=make_not_entrant pc=0x000001e149b3da78 method=java.util.Arrays.copyOf([Ljava/lang/Object;ILjava/lang/Class;)[Ljava/lang/Object; @ 35 c2
Event: 0.862 Thread 0x000001e15b695800 Uncommon trap: reason=unstable_if action=reinterpret pc=0x000001e149b32eb0 method=java.lang.StringUTF16.compress([CI[BII)I @ 20 c2
Event: 0.979 Thread 0x000001e15b695800 Uncommon trap: reason=unstable_if action=reinterpret pc=0x000001e149b25b30 method=java.lang.ref.ReferenceQueue.poll()Ljava/lang/ref/Reference; @ 4 c2
Event: 0.979 Thread 0x000001e15b695800 Uncommon trap: reason=unstable_if action=reinterpret pc=0x000001e149b38278 method=java.lang.ref.ReferenceQueue.poll()Ljava/lang/ref/Reference; @ 4 c2

Classes redefined (0 events):
No events

Internal exceptions (10 events):
Event: 0.346 Thread 0x000001e139cd4000 Exception <a 'java/lang/ClassNotFoundException'{0x000000008801e070}: com/sun/swing/internal/plaf/basic/resources/spi/basicProvider> (0x000000008801e070) thrown at [t:/workspace/open/src/hotspot/share/classfile/systemDictionary.cpp, line 231]
Event: 0.348 Thread 0x000001e139cd4000 Exception <a 'java/lang/NoSuchMethodError'{0x000000008802d0f0}: java.lang.invoke.DirectMethodHandle$Holder.invokeStaticInit(Ljava/lang/Object;)V> (0x000000008802d0f0) thrown at [t:/workspace/open/src/hotspot/share/interpreter/linkResolver.cpp, line 772]
Event: 0.356 Thread 0x000001e139cd4000 Exception <a 'java/lang/NoSuchMethodError'{0x000000008807ad98}: java.lang.invoke.DirectMethodHandle$Holder.invokeStatic(Ljava/lang/Object;Ljava/lang/Object;Ljava/lang/Object;Ljava/lang/Object;Ljava/lang/Object;Ljava/lang/Object;Ljava/lang/Object;Ljava/lan
Event: 0.358 Thread 0x000001e139cd4000 Exception <a 'java/lang/NoSuchMethodError'{0x0000000088098f10}: java.lang.invoke.DirectMethodHandle$Holder.invokeStatic(Ljava/lang/Object;Ljava/lang/Object;Ljava/lang/Object;Ljava/lang/Object;Ljava/lang/Object;Ljava/lang/Object;Ljava/lang/Object;Ljava/lan
Event: 0.360 Thread 0x000001e139cd4000 Exception <a 'java/lang/NoSuchMethodError'{0x00000000880b7c98}: java.lang.invoke.DirectMethodHandle$Holder.invokeStatic(Ljava/lang/Object;Ljava/lang/Object;Ljava/lang/Object;Ljava/lang/Object;Ljava/lang/Object;Ljava/lang/Object;Ljava/lang/Object;Ljava/lan
Event: 0.361 Thread 0x000001e139cd4000 Exception <a 'java/lang/NoSuchMethodError'{0x00000000880d80a8}: java.lang.invoke.DirectMethodHandle$Holder.invokeStatic(Ljava/lang/Object;Ljava/lang/Object;Ljava/lang/Object;Ljava/lang/Object;Ljava/lang/Object;Ljava/lang/Object;Ljava/lang/Object;Ljava/lan
Event: 0.369 Thread 0x000001e139cd4000 Exception <a 'java/lang/NoSuchMethodError'{0x0000000087f53de0}: java.lang.invoke.DirectMethodHandle$Holder.invokeStatic(Ljava/lang/Object;Ljava/lang/Object;Ljava/lang/Object;Ljava/lang/Object;Ljava/lang/Object;Ljava/lang/Object;Ljava/lang/Object;Ljava/lan
Event: 0.370 Thread 0x000001e139cd4000 Exception <a 'java/lang/NoSuchMethodError'{0x0000000087f60528}: java.lang.invoke.DirectMethodHandle$Holder.invokeStatic(Ljava/lang/Object;Ljava/lang/Object;Ljava/lang/Object;Ljava/lang/Object;Ljava/lang/Object;Ljava/lang/Object;Ljava/lang/Object;Ljava/lan
Event: 0.382 Thread 0x000001e139cd4000 Exception <a 'java/lang/ClassNotFoundException'{0x0000000087fbf0d0}: com/sun/java/swing/plaf/windows/resources/spi/windowsProvider> (0x0000000087fbf0d0) thrown at [t:/workspace/open/src/hotspot/share/classfile/systemDictionary.cpp, line 231]
Event: 0.668 Thread 0x000001e15b695800 Exception <a 'java/lang/NoSuchMethodError'{0x0000000087a8b658}: java.lang.invoke.Invokers$Holder.linkToTargetMethod(Ljava/lang/Object;ILjava/lang/Object;)Ljava/lang/Object;> (0x0000000087a8b658) thrown at [t:/workspace/open/src/hotspot/share/interpreter/l

Events (10 events):
Event: 2.236 loading class sun/font/StandardGlyphVector
Event: 2.236 loading class java/awt/font/GlyphVector
Event: 2.236 loading class java/awt/font/GlyphVector done
Event: 2.236 loading class sun/font/StandardGlyphVector done
Event: 2.236 loading class sun/font/FontSubstitution
Event: 2.236 loading class sun/font/FontSubstitution done
Event: 2.237 loading class sun/font/StandardGlyphVector$GlyphStrike
Event: 2.237 loading class sun/font/StandardGlyphVector$GlyphStrike done
Event: 2.238 loading class java/awt/geom/Area
Event: 2.238 Executing VM operation: CollectForMetadataAllocation


Dynamic libraries:
0x00007ff748f90000 - 0x00007ff748fd7000 	C:\Program Files\Java\jdk-11.0.2\bin\javaw.exe
0x00007ffb4aa70000 - 0x00007ffb4ac65000 	C:\WINDOWS\SYSTEM32\ntdll.dll
0x00007ffb49ea0000 - 0x00007ffb49f5d000 	C:\WINDOWS\System32\KERNEL32.DLL
0x00007ffb48390000 - 0x00007ffb48658000 	C:\WINDOWS\System32\KERNELBASE.dll
0x00007ffb4a660000 - 0x00007ffb4a70c000 	C:\WINDOWS\System32\ADVAPI32.dll
0x00007ffb494c0000 - 0x00007ffb4955e000 	C:\WINDOWS\System32\msvcrt.dll
0x00007ffb4a5a0000 - 0x00007ffb4a63b000 	C:\WINDOWS\System32\sechost.dll
0x00007ffb4a110000 - 0x00007ffb4a23b000 	C:\WINDOWS\System32\RPCRT4.dll
0x00007ffb4a890000 - 0x00007ffb4aa30000 	C:\WINDOWS\System32\USER32.dll
0x00007ffb48900000 - 0x00007ffb48922000 	C:\WINDOWS\System32\win32u.dll
0x00007ffb48d60000 - 0x00007ffb48d8a000 	C:\WINDOWS\System32\GDI32.dll
0x00007ffb48280000 - 0x00007ffb4838b000 	C:\WINDOWS\System32\gdi32full.dll
0x00007ffb48930000 - 0x00007ffb489cd000 	C:\WINDOWS\System32\msvcp_win.dll
0x00007ffb489d0000 - 0x00007ffb48ad0000 	C:\WINDOWS\System32\ucrtbase.dll
0x00007ffb3bec0000 - 0x00007ffb3c15a000 	C:\WINDOWS\WinSxS\amd64_microsoft.windows.common-controls_6595b64144ccf1df_6.0.19041.844_none_ca00b6081b84eb1d\COMCTL32.dll
0x00007ffb41080000 - 0x00007ffb4108a000 	C:\WINDOWS\SYSTEM32\VERSION.dll
0x00007ffb49f60000 - 0x00007ffb49f90000 	C:\WINDOWS\System32\IMM32.DLL
0x00007ffb1ccd0000 - 0x00007ffb1cce6000 	C:\Program Files\Java\jdk-11.0.2\bin\vcruntime140.dll
0x00007ffb1c6d0000 - 0x00007ffb1c77a000 	C:\Program Files\Java\jdk-11.0.2\bin\msvcp140.dll
0x00007ffaefb00000 - 0x00007ffaf0627000 	C:\Program Files\Java\jdk-11.0.2\bin\server\jvm.dll
0x00007ffb49e90000 - 0x00007ffb49e98000 	C:\WINDOWS\System32\PSAPI.DLL
0x00007ffb423c0000 - 0x00007ffb423c9000 	C:\WINDOWS\SYSTEM32\WSOCK32.dll
0x00007ffb3eb30000 - 0x00007ffb3eb57000 	C:\WINDOWS\SYSTEM32\WINMM.dll
0x00007ffb49f90000 - 0x00007ffb49ffb000 	C:\WINDOWS\System32\WS2_32.dll
0x00007ffb460c0000 - 0x00007ffb460d2000 	C:\WINDOWS\SYSTEM32\kernel.appcore.dll
0x00007ffb1f3a0000 - 0x00007ffb1f3b1000 	C:\Program Files\Java\jdk-11.0.2\bin\verify.dll
0x00007ffb3ec00000 - 0x00007ffb3ede4000 	C:\WINDOWS\SYSTEM32\DBGHELP.DLL
0x00007ffb3eb60000 - 0x00007ffb3eb8c000 	C:\WINDOWS\SYSTEM32\dbgcore.DLL
0x00007ffb48200000 - 0x00007ffb48280000 	C:\WINDOWS\System32\bcryptPrimitives.dll
0x00007ffb1e9a0000 - 0x00007ffb1e9c9000 	C:\Program Files\Java\jdk-11.0.2\bin\java.dll
0x00007ffb1d3b0000 - 0x00007ffb1d3c6000 	C:\Program Files\Java\jdk-11.0.2\bin\zip.dll
0x00007ffb1fdf0000 - 0x00007ffb1fdfa000 	C:\Program Files\Java\jdk-11.0.2\bin\jimage.dll
0x00007ffb495f0000 - 0x00007ffb49d32000 	C:\WINDOWS\System32\SHELL32.dll
0x00007ffb462c0000 - 0x00007ffb46a50000 	C:\WINDOWS\SYSTEM32\windows.storage.dll
0x00007ffb4a240000 - 0x00007ffb4a595000 	C:\WINDOWS\System32\combase.dll
0x00007ffb47c20000 - 0x00007ffb47c4c000 	C:\WINDOWS\SYSTEM32\Wldp.dll
0x00007ffb4a060000 - 0x00007ffb4a10e000 	C:\WINDOWS\System32\SHCORE.dll
0x00007ffb48ad0000 - 0x00007ffb48b25000 	C:\WINDOWS\System32\shlwapi.dll
0x00007ffb480f0000 - 0x00007ffb4810f000 	C:\WINDOWS\SYSTEM32\profapi.dll
0x00007ffb1d390000 - 0x00007ffb1d3a9000 	C:\Program Files\Java\jdk-11.0.2\bin\net.dll
0x00007ffb30000000 - 0x00007ffb301ee000 	C:\WINDOWS\SYSTEM32\urlmon.dll
0x00007ffb3f090000 - 0x00007ffb3f19b000 	C:\WINDOWS\SYSTEM32\WINHTTP.dll
0x00007ffb3c160000 - 0x00007ffb3c410000 	C:\WINDOWS\SYSTEM32\iertutil.dll
0x00007ffb47940000 - 0x00007ffb479aa000 	C:\WINDOWS\system32\mswsock.dll
0x00007ffb1d300000 - 0x00007ffb1d313000 	C:\Program Files\Java\jdk-11.0.2\bin\nio.dll
0x00007ffb0e560000 - 0x00007ffb0e6ff000 	C:\Program Files\Java\jdk-11.0.2\bin\awt.dll
0x00007ffb4a7c0000 - 0x00007ffb4a88d000 	C:\WINDOWS\System32\OLEAUT32.dll
0x00007ffb445e0000 - 0x00007ffb44ba0000 	C:\WINDOWS\SYSTEM32\d2d1.dll
0x00007ffb45a70000 - 0x00007ffb45b00000 	C:\WINDOWS\SYSTEM32\apphelp.dll
0x00007ffb45c00000 - 0x00007ffb45c9e000 	C:\WINDOWS\system32\uxtheme.dll
0x00007ffb49210000 - 0x00007ffb49325000 	C:\WINDOWS\System32\MSCTF.dll
0x00007ffb49390000 - 0x00007ffb494ba000 	C:\WINDOWS\System32\ole32.dll
0x00007ffb45ee0000 - 0x00007ffb45f0f000 	C:\WINDOWS\system32\DWMAPI.DLL
0x00007ffb14770000 - 0x00007ffb14896000 	C:\WINDOWS\system32\opengl32.dll
0x00007ffb1c6a0000 - 0x00007ffb1c6cc000 	C:\WINDOWS\SYSTEM32\GLU32.dll
0x00007ffb14a40000 - 0x00007ffb14c0e000 	C:\WINDOWS\system32\d3d9.dll
0x00007ffb3edf0000 - 0x00007ffb3efca000 	C:\WINDOWS\System32\DriverStore\FileRepository\c0318486.inf_amd64_11ba0b4b7cc81d52\aticfx64.dll
0x00007ffb1c660000 - 0x00007ffb1c692000 	C:\WINDOWS\System32\DriverStore\FileRepository\c0318486.inf_amd64_11ba0b4b7cc81d52\atiu9p64.dll
0x00007ffaee3b0000 - 0x00007ffaeeeec000 	C:\WINDOWS\System32\DriverStore\FileRepository\c0318486.inf_amd64_11ba0b4b7cc81d52\atiumd64.dll
0x0000000063570000 - 0x0000000064203000 	C:\WINDOWS\System32\DriverStore\FileRepository\c0318486.inf_amd64_11ba0b4b7cc81d52\atiumd6a.dll
0x00007ffb47770000 - 0x00007ffb477bb000 	C:\WINDOWS\SYSTEM32\POWRPROF.dll
0x00007ffb475d0000 - 0x00007ffb475e2000 	C:\WINDOWS\SYSTEM32\UMPDC.dll
0x00007ffb40530000 - 0x00007ffb4056b000 	C:\WINDOWS\SYSTEM32\dxcore.dll
0x00007ffb481b0000 - 0x00007ffb481fe000 	C:\WINDOWS\System32\cfgmgr32.dll
0x00007ffb1a6c0000 - 0x00007ffb1a740000 	C:\Program Files\Java\jdk-11.0.2\bin\freetype.dll
0x00007ffb146b0000 - 0x00007ffb1471f000 	C:\Program Files\Java\jdk-11.0.2\bin\fontmanager.dll
0x00007ffb19dc0000 - 0x00007ffb19ded000 	C:\Program Files\Java\jdk-11.0.2\bin\javajpeg.dll
0x00007ffb4a710000 - 0x00007ffb4a7b9000 	C:\WINDOWS\System32\clbcatq.dll
0x00007ffb41f60000 - 0x00007ffb42114000 	C:\WINDOWS\SYSTEM32\WindowsCodecs.dll
0x00007ffb48820000 - 0x00007ffb48847000 	C:\WINDOWS\System32\bcrypt.dll
0x00007ffb1da00000 - 0x00007ffb1da3e000 	C:\WINDOWS\system32\dataexchange.dll
0x00007ffb44e40000 - 0x00007ffb45025000 	C:\WINDOWS\system32\dcomp.dll
0x00007ffb43f10000 - 0x00007ffb44174000 	C:\WINDOWS\system32\d3d11.dll
0x00007ffb46a90000 - 0x00007ffb46b84000 	C:\WINDOWS\system32\dxgi.dll
0x00007ffb431d0000 - 0x00007ffb433d1000 	C:\WINDOWS\system32\twinapi.appcore.dll
0x00007ffb21c60000 - 0x00007ffb21d59000 	C:\WINDOWS\SYSTEM32\textinputframework.dll
0x00007ffb45710000 - 0x00007ffb45802000 	C:\WINDOWS\System32\CoreMessaging.dll
0x00007ffb453b0000 - 0x00007ffb4570e000 	C:\WINDOWS\System32\CoreUIComponents.dll
0x00007ffb46e90000 - 0x00007ffb46ec3000 	C:\WINDOWS\SYSTEM32\ntmarta.dll
0x00007ffb44ce0000 - 0x00007ffb44e34000 	C:\WINDOWS\SYSTEM32\wintypes.dll

dbghelp: loaded successfully - version: 4.0.5 - missing functions: none
symbol engine: initialized successfully - sym options: 0x614 - pdb path: .;C:\Program Files\Java\jdk-11.0.2\bin;C:\WINDOWS\SYSTEM32;C:\WINDOWS\WinSxS\amd64_microsoft.windows.common-controls_6595b64144ccf1df_6.0.19041.844_none_ca00b6081b84eb1d;C:\Program Files\Java\jdk-11.0.2\bin\server;C:\WINDOWS\System32\DriverStore\FileRepository\c0318486.inf_amd64_11ba0b4b7cc81d52

VM Arguments:
jvm_args: -Dfile.encoding=Cp1252 
java_command: mijnRestau.Restaurant
java_class_path (initial): C:\Users\Rachid\Documents\eclipse workSpace2\MijnRestau\bin;C:\Users\Rachid\Downloads\mysql-connector.jar;C:\Users\Rachid\Downloads\bcprov-jdk15on-168.jar;C:\Users\Rachid\Downloads\sqlite-jdbc-3.27.2.1-javadoc (1).jar;C:\Users\Rachid\Downloads\jar_files (1)\activation-1.1.jar;C:\Users\Rachid\Downloads\jar_files (1)\mail-1.4.7.jar;C:\Users\Rachid\Documents\activation.jar;C:\Users\Rachid\Documents\mail.jar
Launcher Type: SUN_STANDARD

[Global flags]
     intx CICompilerCount                          = 4                                         {product} {ergonomic}
     uint ConcGCThreads                            = 2                                         {product} {ergonomic}
     uint G1ConcRefinementThreads                  = 8                                         {product} {ergonomic}
   size_t G1HeapRegionSize                         = 1048576                                   {product} {ergonomic}
    uintx GCDrainStackTargetSize                   = 64                                        {product} {ergonomic}
   size_t InitialHeapSize                          = 134217728                                 {product} {ergonomic}
   size_t MarkStackSize                            = 4194304                                   {product} {ergonomic}
   size_t MaxHeapSize                              = 2134900736                                {product} {ergonomic}
   size_t MaxNewSize                               = 1280311296                                {product} {ergonomic}
   size_t MinHeapDeltaBytes                        = 1048576                                   {product} {ergonomic}
    uintx NonNMethodCodeHeapSize                   = 5835340                                {pd product} {ergonomic}
    uintx NonProfiledCodeHeapSize                  = 122911450                              {pd product} {ergonomic}
    uintx ProfiledCodeHeapSize                     = 122911450                              {pd product} {ergonomic}
    uintx ReservedCodeCacheSize                    = 251658240                              {pd product} {ergonomic}
     bool SegmentedCodeCache                       = true                                      {product} {ergonomic}
     bool UseCompressedClassPointers               = true                                 {lp64_product} {ergonomic}
     bool UseCompressedOops                        = true                                 {lp64_product} {ergonomic}
     bool UseG1GC                                  = true                                      {product} {ergonomic}
     bool UseLargePagesIndividualAllocation        = false                                  {pd product} {ergonomic}

Logging:
Log output configuration:
 #0: stdout all=warning uptime,level,tags
 #1: stderr all=off uptime,level,tags

Environment Variables:
CLASSPATH=.;C:\Program Files (x86)\QuickTime\QTSystem\QTJava.zip
PATH=C:/Program Files/Java/jdk-11.0.2/bin/server;C:/Program Files/Java/jdk-11.0.2/bin;C:\Program Files\Common Files\Oracle\Java\javapath;C:\PROGRAM FILES (X86)\COMMON FILES\ORACLE\JAVA\JAVAPATH;C:\PROGRAM FILES (X86)\INTEL\ICLS CLIENT\;C:\PROGRAM FILES\INTEL\ICLS CLIENT\;C:\WINDOWS\SYSTEM32;C:\WINDOWS;C:\WINDOWS\SYSTEM32\WBEM;C:\WINDOWS\SYSTEM32\WINDOWSPOWERSHELL\V1.0\;C:\PROGRAM FILES\INTEL\INTEL(R) MANAGEMENT ENGINE COMPONENTS\DAL;C:\PROGRAM FILES (X86)\INTEL\INTEL(R) MANAGEMENT ENGINE COMPONENTS\DAL;C:\PROGRAM FILES\INTEL\INTEL(R) MANAGEMENT ENGINE COMPONENTS\IPT;C:\PROGRAM FILES (X86)\INTEL\INTEL(R) MANAGEMENT ENGINE COMPONENTS\IPT;C:\PROGRAM FILES (X86)\ATI TECHNOLOGIES\ATI.ACE\CORE-STATIC;C:\PROGRAM FILES (X86)\AMD\ATI.ACE\CORE-STATIC;C:\PROGRAM FILES (X86)\QUICKTIME\QTSYSTEM\;C:\PROGRAM FILES\COMMON FILES\AUTODESK SHARED\;C:\PROGRAM FILES (X86)\AUTODESK\BACKBURNER\;C:\PROGRAM FILES (X86)\WINDOWS LIVE\SHARED;C:\WINDOWS\SYSTEM32\OPENSSH\;C:\PROGRAM FILES\PUTTY\;C:\PROGRAM FILES (X86)\BRACKETS\COMMAND;C:\PROGRAM FILES\DOTNET\;C:\Program Files (x86)\dotnet\;C:\Program Files\Git\cmd;C:\Program Files\MySQL\MySQL Shell 8.0\bin\;C:\Users\Rachid\AppData\Local\Microsoft\WindowsApps;C:\Users\Rachid\AppData\Local\Programs\Microsoft VS Code\bin;C:\Users\Rachid\.dotnet\tools;C:\Users\Rachid\AppData\Local\GitHubDesktop\bin;D:\IntelliJ IDEA Community Edition 2020.1.3\bin;;C:\Users\Rachid\Desktop;
USERNAME=rash
OS=Windows_NT
PROCESSOR_IDENTIFIER=Intel64 Family 6 Model 60 Stepping 3, GenuineIntel



---------------  S Y S T E M  ---------------

OS: Windows 10 , 64 bit Build 19041 (10.0.19041.928)

CPU:total 8 (initial active 8) (4 cores per cpu, 2 threads per core) family 6 model 60 stepping 3, cmov, cx8, fxsr, mmx, sse, sse2, sse3, ssse3, sse4.1, sse4.2, popcnt, avx, avx2, aes, clmul, erms, lzcnt, ht, tsc, tscinvbit, bmi1, bmi2, fma

Memory: 4k page, system-wide physical 8143M (445M free)
TotalPageFile size 32719M (AvailPageFile size 1M)
current process WorkingSet (physical memory assigned to process): 145M, peak: 145M
current process commit charge ("private bytes"): 288M, peak: 290M

vm_info: Java HotSpot(TM) 64-Bit Server VM (11.0.2+9-LTS) for windows-amd64 JRE (11.0.2+9-LTS), built on Jan 18 2019 05:24:10 by "mach5one" with MS VC++ 15.5 (VS2017)

END.
