#
# There is insufficient memory for the Java Runtime Environment to continue.
# Native memory allocation (mmap) failed to map 134217728 bytes for Failed to commit area from 0x0000000080c00000 to 0x0000000088c00000 of length 134217728.
# Possible reasons:
#   The system is out of physical RAM or swap space
#   The process is running with CompressedOops enabled, and the Java Heap may be blocking the growth of the native heap
# Possible solutions:
#   Reduce memory load on the system
#   Increase physical memory or swap space
#   Check if swap backing store is full
#   Decrease Java heap size (-Xmx/-Xms)
#   Decrease number of Java threads
#   Decrease Java thread stack sizes (-Xss)
#   Set larger code cache with -XX:ReservedCodeCacheSize=
# This output file may be truncated or incomplete.
#
#  Out of Memory Error (t:/workspace/open/src/hotspot/os/windows/os_windows.cpp:3269), pid=11544, tid=28060
#
# JRE version:  (11.0.2+9) (build )
# Java VM: Java HotSpot(TM) 64-Bit Server VM (11.0.2+9-LTS, mixed mode, aot, sharing, tiered, compressed oops, g1 gc, windows-amd64)
# No core dump will be written. Minidumps are not enabled by default on client versions of Windows
#

---------------  S U M M A R Y ------------

Command Line: -Dfile.encoding=Cp1252 mijnRestau.Restaurant

Host: Intel(R) Core(TM) i7-4790 CPU @ 3.60GHz, 8 cores, 7G,  Windows 10 , 64 bit Build 19041 (10.0.19041.928)
Time: Sun May 23 22:08:12 2021 Romance (zomertijd) elapsed time: 0 seconds (0d 0h 0m 0s)

---------------  T H R E A D  ---------------

Current thread (0x0000029dca494800):  JavaThread "Unknown thread" [_thread_in_vm, id=28060, stack(0x000000a15e900000,0x000000a15ea00000)]

Stack: [0x000000a15e900000,0x000000a15ea00000]
Native frames: (J=compiled Java code, j=interpreted, Vv=VM code, C=native code)
V  [jvm.dll+0x63574a]
V  [jvm.dll+0x77326f]
V  [jvm.dll+0x77491a]
V  [jvm.dll+0x774fd3]
V  [jvm.dll+0x25e418]
V  [jvm.dll+0x632c0a]
V  [jvm.dll+0x627645]
V  [jvm.dll+0x314e7c]
V  [jvm.dll+0x314d02]
V  [jvm.dll+0x31a576]
V  [jvm.dll+0x36635f]
V  [jvm.dll+0x365d80]
V  [jvm.dll+0x2f19f8]
V  [jvm.dll+0x2f2b56]
V  [jvm.dll+0x74c817]
V  [jvm.dll+0x74df5f]
V  [jvm.dll+0x373179]
V  [jvm.dll+0x732eb9]
V  [jvm.dll+0x3e295d]
V  [jvm.dll+0x3e4c61]
C  [javaw.exe+0x3617]
C  [javaw.exe+0x17e2c]
C  [KERNEL32.DLL+0x17034]
C  [ntdll.dll+0x52651]


---------------  P R O C E S S  ---------------

Threads class SMR info:
_java_thread_list=0x0000029dc8b63db0, length=0, elements={
}

Java Threads: ( => current thread )

Other Threads:
  0x0000029dca4aa800 GCTaskThread "GC Thread#0" [stack: 0x000000a15ea00000,0x000000a15eb00000] [id=26452]
  0x0000029dca4db000 ConcurrentGCThread "G1 Main Marker" [stack: 0x000000a15eb00000,0x000000a15ec00000] [id=16356]
  0x0000029dca4dd800 ConcurrentGCThread "G1 Conc#0" [stack: 0x000000a15ec00000,0x000000a15ed00000] [id=28576]

[error occurred during error reporting (printing all threads), id 0xc0000005, EXCEPTION_ACCESS_VIOLATION (0xc0000005) at pc=0x00007ffaefe00197]

VM state:not at safepoint (not fully initialized)

VM Mutex/Monitor currently owned by a thread:  ([mutex/lock_event])
[0x0000029dca490360] Heap_lock - owner thread: 0x0000029dca494800

Heap address: 0x0000000080c00000, size: 2036 MB, Compressed Oops mode: Non-zero based: 0x0000000080c00000
Narrow klass base: 0x0000000000000000, Narrow klass shift: 0

GC Heap History (0 events):
No events

Deoptimization events (0 events):
No events

Classes redefined (0 events):
No events

Internal exceptions (0 events):
No events

Events (0 events):
No events


Dynamic libraries:
0x00007ff748f90000 - 0x00007ff748fd7000 	C:\Program Files\Java\jdk-11.0.2\bin\javaw.exe
0x00007ffb4aa70000 - 0x00007ffb4ac65000 	C:\WINDOWS\SYSTEM32\ntdll.dll
0x00007ffb49ea0000 - 0x00007ffb49f5d000 	C:\WINDOWS\System32\KERNEL32.DLL
0x00007ffb48390000 - 0x00007ffb48658000 	C:\WINDOWS\System32\KERNELBASE.dll
0x00007ffb4a660000 - 0x00007ffb4a70c000 	C:\WINDOWS\System32\ADVAPI32.dll
0x00007ffb494c0000 - 0x00007ffb4955e000 	C:\WINDOWS\System32\msvcrt.dll
0x00007ffb4a5a0000 - 0x00007ffb4a63b000 	C:\WINDOWS\System32\sechost.dll
0x00007ffb4a110000 - 0x00007ffb4a23b000 	C:\WINDOWS\System32\RPCRT4.dll
0x00007ffb4a890000 - 0x00007ffb4aa30000 	C:\WINDOWS\System32\USER32.dll
0x00007ffb48900000 - 0x00007ffb48922000 	C:\WINDOWS\System32\win32u.dll
0x00007ffb48d60000 - 0x00007ffb48d8a000 	C:\WINDOWS\System32\GDI32.dll
0x00007ffb48280000 - 0x00007ffb4838b000 	C:\WINDOWS\System32\gdi32full.dll
0x00007ffb48930000 - 0x00007ffb489cd000 	C:\WINDOWS\System32\msvcp_win.dll
0x00007ffb489d0000 - 0x00007ffb48ad0000 	C:\WINDOWS\System32\ucrtbase.dll
0x00007ffb3bec0000 - 0x00007ffb3c15a000 	C:\WINDOWS\WinSxS\amd64_microsoft.windows.common-controls_6595b64144ccf1df_6.0.19041.844_none_ca00b6081b84eb1d\COMCTL32.dll
0x00007ffb41080000 - 0x00007ffb4108a000 	C:\WINDOWS\SYSTEM32\VERSION.dll
0x00007ffb49f60000 - 0x00007ffb49f90000 	C:\WINDOWS\System32\IMM32.DLL
0x00007ffb1ccd0000 - 0x00007ffb1cce6000 	C:\Program Files\Java\jdk-11.0.2\bin\vcruntime140.dll
0x00007ffb1c6d0000 - 0x00007ffb1c77a000 	C:\Program Files\Java\jdk-11.0.2\bin\msvcp140.dll
0x00007ffaefb00000 - 0x00007ffaf0627000 	C:\Program Files\Java\jdk-11.0.2\bin\server\jvm.dll
0x00007ffb49e90000 - 0x00007ffb49e98000 	C:\WINDOWS\System32\PSAPI.DLL
0x00007ffb423c0000 - 0x00007ffb423c9000 	C:\WINDOWS\SYSTEM32\WSOCK32.dll
0x00007ffb3eb30000 - 0x00007ffb3eb57000 	C:\WINDOWS\SYSTEM32\WINMM.dll
0x00007ffb49f90000 - 0x00007ffb49ffb000 	C:\WINDOWS\System32\WS2_32.dll
0x00007ffb460c0000 - 0x00007ffb460d2000 	C:\WINDOWS\SYSTEM32\kernel.appcore.dll
0x00007ffb1f3a0000 - 0x00007ffb1f3b1000 	C:\Program Files\Java\jdk-11.0.2\bin\verify.dll
0x00007ffb3ec00000 - 0x00007ffb3ede4000 	C:\WINDOWS\SYSTEM32\DBGHELP.DLL
0x00007ffb3eb60000 - 0x00007ffb3eb8c000 	C:\WINDOWS\SYSTEM32\dbgcore.DLL
0x00007ffb48200000 - 0x00007ffb48280000 	C:\WINDOWS\System32\bcryptPrimitives.dll
0x00007ffb1e9a0000 - 0x00007ffb1e9c9000 	C:\Program Files\Java\jdk-11.0.2\bin\java.dll
0x00007ffb1d3b0000 - 0x00007ffb1d3c6000 	C:\Program Files\Java\jdk-11.0.2\bin\zip.dll
0x00007ffb1fdf0000 - 0x00007ffb1fdfa000 	C:\Program Files\Java\jdk-11.0.2\bin\jimage.dll

dbghelp: loaded successfully - version: 4.0.5 - missing functions: none
symbol engine: initialized successfully - sym options: 0x614 - pdb path: .;C:\Program Files\Java\jdk-11.0.2\bin;C:\WINDOWS\SYSTEM32;C:\WINDOWS\WinSxS\amd64_microsoft.windows.common-controls_6595b64144ccf1df_6.0.19041.844_none_ca00b6081b84eb1d;C:\Program Files\Java\jdk-11.0.2\bin\server

VM Arguments:
jvm_args: -Dfile.encoding=Cp1252 
java_command: mijnRestau.Restaurant
java_class_path (initial): C:\Users\Rachid\Documents\eclipse workSpace2\MijnRestau\bin;C:\Users\Rachid\Downloads\mysql-connector.jar;C:\Users\Rachid\Downloads\bcprov-jdk15on-168.jar;C:\Users\Rachid\Downloads\sqlite-jdbc-3.27.2.1-javadoc (1).jar;C:\Users\Rachid\Downloads\jar_files (1)\activation-1.1.jar;C:\Users\Rachid\Downloads\jar_files (1)\mail-1.4.7.jar;C:\Users\Rachid\Documents\activation.jar;C:\Users\Rachid\Documents\mail.jar
Launcher Type: SUN_STANDARD

[Global flags]
     intx CICompilerCount                          = 4                                         {product} {ergonomic}
     uint ConcGCThreads                            = 2                                         {product} {ergonomic}
     uint G1ConcRefinementThreads                  = 8                                         {product} {ergonomic}
   size_t G1HeapRegionSize                         = 1048576                                   {product} {ergonomic}
    uintx GCDrainStackTargetSize                   = 64                                        {product} {ergonomic}
   size_t InitialHeapSize                          = 134217728                                 {product} {ergonomic}
   size_t MarkStackSize                            = 4194304                                   {product} {ergonomic}
   size_t MaxHeapSize                              = 2134900736                                {product} {ergonomic}
   size_t MinHeapDeltaBytes                        = 1048576                                   {product} {ergonomic}
    uintx NonNMethodCodeHeapSize                   = 5835340                                {pd product} {ergonomic}
    uintx NonProfiledCodeHeapSize                  = 122911450                              {pd product} {ergonomic}
    uintx ProfiledCodeHeapSize                     = 122911450                              {pd product} {ergonomic}
    uintx ReservedCodeCacheSize                    = 251658240                              {pd product} {ergonomic}
     bool SegmentedCodeCache                       = true                                      {product} {ergonomic}
     bool UseCompressedClassPointers               = true                                 {lp64_product} {ergonomic}
     bool UseCompressedOops                        = true                                 {lp64_product} {ergonomic}
     bool UseG1GC                                  = true                                      {product} {ergonomic}
     bool UseLargePagesIndividualAllocation        = false                                  {pd product} {ergonomic}

Logging:
Log output configuration:
 #0: stdout all=warning uptime,level,tags
 #1: stderr all=off uptime,level,tags

Environment Variables:
CLASSPATH=.;C:\Program Files (x86)\QuickTime\QTSystem\QTJava.zip
PATH=C:/Program Files/Java/jdk-11.0.2/bin/server;C:/Program Files/Java/jdk-11.0.2/bin;C:\Program Files\Common Files\Oracle\Java\javapath;C:\PROGRAM FILES (X86)\COMMON FILES\ORACLE\JAVA\JAVAPATH;C:\PROGRAM FILES (X86)\INTEL\ICLS CLIENT\;C:\PROGRAM FILES\INTEL\ICLS CLIENT\;C:\WINDOWS\SYSTEM32;C:\WINDOWS;C:\WINDOWS\SYSTEM32\WBEM;C:\WINDOWS\SYSTEM32\WINDOWSPOWERSHELL\V1.0\;C:\PROGRAM FILES\INTEL\INTEL(R) MANAGEMENT ENGINE COMPONENTS\DAL;C:\PROGRAM FILES (X86)\INTEL\INTEL(R) MANAGEMENT ENGINE COMPONENTS\DAL;C:\PROGRAM FILES\INTEL\INTEL(R) MANAGEMENT ENGINE COMPONENTS\IPT;C:\PROGRAM FILES (X86)\INTEL\INTEL(R) MANAGEMENT ENGINE COMPONENTS\IPT;C:\PROGRAM FILES (X86)\ATI TECHNOLOGIES\ATI.ACE\CORE-STATIC;C:\PROGRAM FILES (X86)\AMD\ATI.ACE\CORE-STATIC;C:\PROGRAM FILES (X86)\QUICKTIME\QTSYSTEM\;C:\PROGRAM FILES\COMMON FILES\AUTODESK SHARED\;C:\PROGRAM FILES (X86)\AUTODESK\BACKBURNER\;C:\PROGRAM FILES (X86)\WINDOWS LIVE\SHARED;C:\WINDOWS\SYSTEM32\OPENSSH\;C:\PROGRAM FILES\PUTTY\;C:\PROGRAM FILES (X86)\BRACKETS\COMMAND;C:\PROGRAM FILES\DOTNET\;C:\Program Files (x86)\dotnet\;C:\Program Files\Git\cmd;C:\Program Files\MySQL\MySQL Shell 8.0\bin\;C:\Users\Rachid\AppData\Local\Microsoft\WindowsApps;C:\Users\Rachid\AppData\Local\Programs\Microsoft VS Code\bin;C:\Users\Rachid\.dotnet\tools;C:\Users\Rachid\AppData\Local\GitHubDesktop\bin;D:\IntelliJ IDEA Community Edition 2020.1.3\bin;;C:\Users\Rachid\Desktop;
USERNAME=rash
OS=Windows_NT
PROCESSOR_IDENTIFIER=Intel64 Family 6 Model 60 Stepping 3, GenuineIntel



---------------  S Y S T E M  ---------------

OS: Windows 10 , 64 bit Build 19041 (10.0.19041.928)

CPU:total 8 (initial active 8) (4 cores per cpu, 2 threads per core) family 6 model 60 stepping 3, cmov, cx8, fxsr, mmx, sse, sse2, sse3, ssse3, sse4.1, sse4.2, popcnt, avx, avx2, aes, clmul, erms, lzcnt, ht, tsc, tscinvbit, bmi1, bmi2, fma

Memory: 4k page, system-wide physical 8143M (227M free)
TotalPageFile size 32719M (AvailPageFile size 116M)
current process WorkingSet (physical memory assigned to process): 9M, peak: 9M
current process commit charge ("private bytes"): 60M, peak: 188M

vm_info: Java HotSpot(TM) 64-Bit Server VM (11.0.2+9-LTS) for windows-amd64 JRE (11.0.2+9-LTS), built on Jan 18 2019 05:24:10 by "mach5one" with MS VC++ 15.5 (VS2017)

END.
